[INFO ] 2023-03-29 01:34:02.131 [main] VerifyAddcart - assertiob is Pass
[INFO ] 2023-03-29 01:35:56.894 [main] VerifyFotter - Pass assert
[INFO ] 2023-03-29 01:36:12.467 [main] VerifyFotter - Pass assert1
[INFO ] 2023-03-29 01:36:33.210 [main] VerifyFotter - Pass assert2
[INFO ] 2023-03-29 01:36:53.925 [main] VerifyFotter - Pass assert3
[INFO ] 2023-03-29 01:37:07.121 [main] VerifyHeader - passed Assertion
[INFO ] 2023-03-29 01:37:43.632 [main] VerifyMenuBar - Passed assertion
[INFO ] 2023-03-29 01:37:57.814 [main] VerifyAddcart - assertion is Pass
[INFO ] 2023-03-29 01:43:49.317 [main] VerifyFotter - Pass assert
[INFO ] 2023-03-29 01:44:04.910 [main] VerifyFotter - Pass assert1
[INFO ] 2023-03-29 01:44:25.691 [main] VerifyFotter - Pass assert2
[INFO ] 2023-03-29 01:44:46.435 [main] VerifyFotter - Pass assert3
[INFO ] 2023-03-29 01:45:00.249 [main] VerifyHeader - passed Assertion
[INFO ] 2023-03-29 01:45:32.196 [main] VerifyMenuBar - Passed assertion
[INFO ] 2023-03-29 01:45:43.551 [main] VerifyAddcart - assertion is Pass
[INFO ] 2023-03-29 02:01:23.956 [main] VerifyFotter - Pass assert
[INFO ] 2023-03-29 02:01:39.776 [main] VerifyFotter - Pass assert1
[INFO ] 2023-03-29 02:02:01.352 [main] VerifyFotter - Pass assert2
[INFO ] 2023-03-29 02:02:22.512 [main] VerifyFotter - Pass assert3
[INFO ] 2023-03-29 02:02:39.296 [main] VerifyHeader - passed Assertion
[INFO ] 2023-03-29 02:03:13.703 [main] VerifyMenuBar - Passed assertion
[INFO ] 2023-03-29 02:03:25.176 [main] VerifyAddcart - assertion is Pass
[INFO ] 2023-03-29 02:10:29.074 [main] VerifyFotter - Pass assert
[INFO ] 2023-03-29 02:10:45.131 [main] VerifyFotter - Pass assert1
[INFO ] 2023-03-29 02:11:06.647 [main] VerifyFotter - Pass assert2
[INFO ] 2023-03-29 02:11:28.074 [main] VerifyFotter - Pass assert3
[INFO ] 2023-03-29 02:16:22.016 [main] VerifyFotter - Pass assert
[INFO ] 2023-03-29 02:16:37.867 [main] VerifyFotter - Pass assert1
[INFO ] 2023-03-29 02:16:59.156 [main] VerifyFotter - Pass assert2
[INFO ] 2023-03-29 02:17:20.565 [main] VerifyFotter - Pass assert3
[INFO ] 2023-03-29 02:18:07.389 [main] VerifyMenuBar - Passed assertion
[INFO ] 2023-03-29 02:18:22.544 [main] VerifyAddcart - assertion is Pass
[INFO ] 2023-03-29 02:24:49.119 [main] VerifyHeader - passed Assertion
[INFO ] 2023-03-29 02:28:07.983 [main] VerifyFotter - Pass assert
[INFO ] 2023-03-29 02:28:24.169 [main] VerifyFotter - Pass assert1
[INFO ] 2023-03-29 02:28:45.701 [main] VerifyFotter - Pass assert2
[INFO ] 2023-03-29 02:29:07.070 [main] VerifyFotter - Pass assert3
[INFO ] 2023-03-29 02:29:21.049 [main] VerifyHeader - passed Assertion
[INFO ] 2023-03-29 02:29:53.069 [main] VerifyMenuBar - Passed assertion
[INFO ] 2023-03-29 02:30:07.997 [main] VerifyAddcart - assertion is Pass
[INFO ] 2023-03-29 03:57:46.025 [main] VerifyFotter - Pass assert
[INFO ] 2023-03-29 03:58:01.966 [main] VerifyFotter - Pass assert1
[INFO ] 2023-03-29 03:58:23.463 [main] VerifyFotter - Pass assert2
[INFO ] 2023-03-29 03:58:44.789 [main] VerifyFotter - Pass assert3
[INFO ] 2023-03-29 04:00:05.596 [main] VerifyMenuBar - Passed assertion
[INFO ] 2023-03-29 04:00:20.918 [main] VerifyAddcart - assertion is Pass
